#
# There is insufficient memory for the Java Runtime Environment to continue.
# Native memory allocation (mmap) failed to map 264241152 bytes for G1 virtual space
# Possible reasons:
#   The system is out of physical RAM or swap space
#   The process is running with CompressedOops enabled, and the Java Heap may be blocking the growth of the native heap
# Possible solutions:
#   Reduce memory load on the system
#   Increase physical memory or swap space
#   Check if swap backing store is full
#   Decrease Java heap size (-Xmx/-Xms)
#   Decrease number of Java threads
#   Decrease Java thread stack sizes (-Xss)
#   Set larger code cache with -XX:ReservedCodeCacheSize=
#   JVM is running with Zero Based Compressed Oops mode in which the Java heap is
#     placed in the first 32GB address space. The Java Heap base address is the
#     maximum limit for the native heap growth. Please use -XX:HeapBaseMinAddress
#     to set the Java Heap base and to place the Java Heap above 32GB virtual address.
# This output file may be truncated or incomplete.
#
#  Out of Memory Error (os_windows.cpp:3548), pid=14744, tid=15488
#
# JRE version:  (17.0.10+11) (build )
# Java VM: Java HotSpot(TM) 64-Bit Server VM (17.0.10+11-LTS-240, mixed mode, sharing, tiered, compressed oops, compressed class ptrs, g1 gc, windows-amd64)
# No core dump will be written. Minidumps are not enabled by default on client versions of Windows
#

---------------  S U M M A R Y ------------

Command Line: -Dclassworlds.conf=C:\apache-maven-3.9.6\bin\m2.conf -Dmaven.home=C:\apache-maven-3.9.6 -Dlibrary.jansi.path=C:\apache-maven-3.9.6\lib\jansi-native -Dmaven.multiModuleProjectDirectory=D:\React-Hooks-Spring-Boot-CRUD-Full-Stack-App-main\demo3 org.codehaus.plexus.classworlds.launcher.Launcher spring-boot:run

Host: 11th Gen Intel(R) Core(TM) i7-11800H @ 2.30GHz, 16 cores, 15G,  Windows 11 , 64 bit Build 22621 (10.0.22621.3235)
Time: Mon Mar 11 16:13:23 2024 SE Asia Standard Time elapsed time: 0.006806 seconds (0d 0h 0m 0s)

---------------  T H R E A D  ---------------

Current thread (0x00000282aab459a0):  JavaThread "Unknown thread" [_thread_in_vm, id=15488, stack(0x0000009007100000,0x0000009007200000)]

Stack: [0x0000009007100000,0x0000009007200000]
Native frames: (J=compiled Java code, j=interpreted, Vv=VM code, C=native code)
V  [jvm.dll+0x677a5a]
V  [jvm.dll+0x7d8b2d]
V  [jvm.dll+0x7da48e]
V  [jvm.dll+0x7daaf3]
V  [jvm.dll+0x2455ff]
V  [jvm.dll+0x6749b9]
V  [jvm.dll+0x669382]
V  [jvm.dll+0x302e96]
V  [jvm.dll+0x30a416]
V  [jvm.dll+0x359cbe]
V  [jvm.dll+0x359eef]
V  [jvm.dll+0x2d9e88]
V  [jvm.dll+0x2dadf4]
V  [jvm.dll+0x7aa551]
V  [jvm.dll+0x367911]
V  [jvm.dll+0x789639]
V  [jvm.dll+0x3eb30f]
V  [jvm.dll+0x3ecd91]
C  [jli.dll+0x5297]
C  [ucrtbase.dll+0x29363]
C  [KERNEL32.DLL+0x1257d]
C  [ntdll.dll+0x5aa58]


---------------  P R O C E S S  ---------------

Threads class SMR info:
_java_thread_list=0x00007ffabf6f6a18, length=0, elements={
}

Java Threads: ( => current thread )

Other Threads:
  0x00000282aabb2810 GCTaskThread "GC Thread#0" [stack: 0x0000009007200000,0x0000009007300000] [id=14964]
  0x00000282aabc51d0 ConcurrentGCThread "G1 Main Marker" [stack: 0x0000009007300000,0x0000009007400000] [id=16372]
  0x00000282aabc6280 ConcurrentGCThread "G1 Conc#0" [stack: 0x0000009007400000,0x0000009007500000] [id=5040]

[error occurred during error reporting (printing all threads), id 0xc0000005, EXCEPTION_ACCESS_VIOLATION (0xc0000005) at pc=0x00007ffabef2aae7]

VM state: not at safepoint (not fully initialized)

VM Mutex/Monitor currently owned by a thread:  ([mutex/lock_event])
[0x00000282aab45180] Heap_lock - owner thread: 0x00000282aab459a0

Heap address: 0x0000000704a00000, size: 4022 MB, Compressed Oops mode: Zero based, Oop shift amount: 3

CDS archive(s) mapped at: [0x0000000000000000-0x0000000000000000-0x0000000000000000), size 0, SharedBaseAddress: 0x0000000800000000, ArchiveRelocationMode: 1.
Narrow klass base: 0x0000000000000000, Narrow klass shift: 0, Narrow klass range: 0x0

GC Precious Log:
<Empty>

Heap:
 garbage-first heap   total 0K, used 0K [0x0000000704a00000, 0x0000000800000000)
  region size 2048K, 0 young (0K), 0 survivors (0K)

[error occurred during error reporting (printing heap information), id 0xc0000005, EXCEPTION_ACCESS_VIOLATION (0xc0000005) at pc=0x00007ffabf311249]

GC Heap History (0 events):
No events

Deoptimization events (0 events):
No events

Classes unloaded (0 events):
No events

Classes redefined (0 events):
No events

Internal exceptions (0 events):
No events

VM Operations (0 events):
No events

Events (1 events):
Event: 0.004 Loaded shared library C:\Program Files\Java\jdk-17\bin\java.dll


Dynamic libraries:
0x00007ff63a080000 - 0x00007ff63a090000 	C:\Program Files\Java\jdk-17\bin\java.exe
0x00007ffb49990000 - 0x00007ffb49ba6000 	C:\WINDOWS\SYSTEM32\ntdll.dll
0x00007ffb487b0000 - 0x00007ffb48874000 	C:\WINDOWS\System32\KERNEL32.DLL
0x00007ffb470c0000 - 0x00007ffb47466000 	C:\WINDOWS\System32\KERNELBASE.dll
0x00007ffb46cd0000 - 0x00007ffb46de1000 	C:\WINDOWS\System32\ucrtbase.dll
0x00007ffac1bd0000 - 0x00007ffac1be9000 	C:\Program Files\Java\jdk-17\bin\jli.dll
0x00007ffac1bb0000 - 0x00007ffac1bcb000 	C:\Program Files\Java\jdk-17\bin\VCRUNTIME140.dll
0x00007ffb47710000 - 0x00007ffb477c2000 	C:\WINDOWS\System32\ADVAPI32.dll
0x00007ffb48c00000 - 0x00007ffb48ca7000 	C:\WINDOWS\System32\msvcrt.dll
0x00007ffb48cc0000 - 0x00007ffb48d68000 	C:\WINDOWS\System32\sechost.dll
0x00007ffb476b0000 - 0x00007ffb476d8000 	C:\WINDOWS\System32\bcrypt.dll
0x00007ffb477f0000 - 0x00007ffb47905000 	C:\WINDOWS\System32\RPCRT4.dll
0x00007ffb48600000 - 0x00007ffb487ad000 	C:\WINDOWS\System32\USER32.dll
0x00007ffb47680000 - 0x00007ffb476a6000 	C:\WINDOWS\System32\win32u.dll
0x00007ffb281d0000 - 0x00007ffb28463000 	C:\WINDOWS\WinSxS\amd64_microsoft.windows.common-controls_6595b64144ccf1df_6.0.22621.3235_none_270f74e173860f98\COMCTL32.dll
0x00007ffb476e0000 - 0x00007ffb47709000 	C:\WINDOWS\System32\GDI32.dll
0x00007ffb474f0000 - 0x00007ffb47608000 	C:\WINDOWS\System32\gdi32full.dll
0x00007ffb46eb0000 - 0x00007ffb46f4a000 	C:\WINDOWS\System32\msvcp_win.dll
0x00007ffb3e400000 - 0x00007ffb3e40a000 	C:\WINDOWS\SYSTEM32\VERSION.dll
0x00007ffb48130000 - 0x00007ffb48161000 	C:\WINDOWS\System32\IMM32.DLL
0x00007ffb14f60000 - 0x00007ffb14f6c000 	C:\Program Files\Java\jdk-17\bin\vcruntime140_1.dll
0x00007ffac1b20000 - 0x00007ffac1bae000 	C:\Program Files\Java\jdk-17\bin\msvcp140.dll
0x00007ffabec40000 - 0x00007ffabf81f000 	C:\Program Files\Java\jdk-17\bin\server\jvm.dll
0x00007ffb48bd0000 - 0x00007ffb48bd8000 	C:\WINDOWS\System32\PSAPI.DLL
0x00007ffb26650000 - 0x00007ffb26659000 	C:\WINDOWS\SYSTEM32\WSOCK32.dll
0x00007ffb3f0c0000 - 0x00007ffb3f0f4000 	C:\WINDOWS\SYSTEM32\WINMM.dll
0x00007ffb48020000 - 0x00007ffb48091000 	C:\WINDOWS\System32\WS2_32.dll
0x00007ffb45d20000 - 0x00007ffb45d38000 	C:\WINDOWS\SYSTEM32\kernel.appcore.dll
0x00007ffac1b10000 - 0x00007ffac1b1a000 	C:\Program Files\Java\jdk-17\bin\jimage.dll
0x00007ffb445d0000 - 0x00007ffb44803000 	C:\WINDOWS\SYSTEM32\DBGHELP.DLL
0x00007ffb47a70000 - 0x00007ffb47df8000 	C:\WINDOWS\System32\combase.dll
0x00007ffb48e00000 - 0x00007ffb48ed7000 	C:\WINDOWS\System32\OLEAUT32.dll
0x00007ffb2b0c0000 - 0x00007ffb2b0f2000 	C:\WINDOWS\SYSTEM32\dbgcore.DLL
0x00007ffb47470000 - 0x00007ffb474ea000 	C:\WINDOWS\System32\bcryptPrimitives.dll
0x00007ffac1ae0000 - 0x00007ffac1b05000 	C:\Program Files\Java\jdk-17\bin\java.dll

dbghelp: loaded successfully - version: 4.0.5 - missing functions: none
symbol engine: initialized successfully - sym options: 0x614 - pdb path: .;C:\Program Files\Java\jdk-17\bin;C:\WINDOWS\SYSTEM32;C:\WINDOWS\WinSxS\amd64_microsoft.windows.common-controls_6595b64144ccf1df_6.0.22621.3235_none_270f74e173860f98;C:\Program Files\Java\jdk-17\bin\server

VM Arguments:
jvm_args: -Dclassworlds.conf=C:\apache-maven-3.9.6\bin\m2.conf -Dmaven.home=C:\apache-maven-3.9.6 -Dlibrary.jansi.path=C:\apache-maven-3.9.6\lib\jansi-native -Dmaven.multiModuleProjectDirectory=D:\React-Hooks-Spring-Boot-CRUD-Full-Stack-App-main\demo3 
java_command: org.codehaus.plexus.classworlds.launcher.Launcher spring-boot:run
java_class_path (initial): C:\apache-maven-3.9.6\boot\plexus-classworlds-2.7.0.jar
Launcher Type: SUN_STANDARD

[Global flags]
     intx CICompilerCount                          = 12                                        {product} {ergonomic}
     uint ConcGCThreads                            = 3                                         {product} {ergonomic}
     uint G1ConcRefinementThreads                  = 13                                        {product} {ergonomic}
   size_t G1HeapRegionSize                         = 2097152                                   {product} {ergonomic}
    uintx GCDrainStackTargetSize                   = 64                                        {product} {ergonomic}
   size_t InitialHeapSize                          = 264241152                                 {product} {ergonomic}
   size_t MarkStackSize                            = 4194304                                   {product} {ergonomic}
   size_t MaxHeapSize                              = 4217372672                                {product} {ergonomic}
   size_t MinHeapDeltaBytes                        = 2097152                                   {product} {ergonomic}
   size_t MinHeapSize                              = 8388608                                   {product} {ergonomic}
    uintx NonNMethodCodeHeapSize                   = 7602480                                {pd product} {ergonomic}
    uintx NonProfiledCodeHeapSize                  = 122027880                              {pd product} {ergonomic}
    uintx ProfiledCodeHeapSize                     = 122027880                              {pd product} {ergonomic}
    uintx ReservedCodeCacheSize                    = 251658240                              {pd product} {ergonomic}
     bool SegmentedCodeCache                       = true                                      {product} {ergonomic}
   size_t SoftMaxHeapSize                          = 4217372672                             {manageable} {ergonomic}
     bool UseCompressedClassPointers               = true                           {product lp64_product} {ergonomic}
     bool UseCompressedOops                        = true                           {product lp64_product} {ergonomic}
     bool UseG1GC                                  = true                                      {product} {ergonomic}
     bool UseLargePagesIndividualAllocation        = false                                  {pd product} {ergonomic}

Logging:
Log output configuration:
 #0: stdout all=warning uptime,level,tags
 #1: stderr all=off uptime,level,tags

Environment Variables:
JAVA_HOME=C:\Program Files\Java\jdk-17
PATH=C:\Program Files\Common Files\Oracle\Java\javapath;C:\Program Files\Python310\Scripts\;C:\Program Files\Python310\;C:\Program Files\Python38\Scripts\;C:\Program Files\Python38\;C:\WINDOWS\system32;C:\WINDOWS;C:\WINDOWS\System32\Wbem;C:\WINDOWS\System32\WindowsPowerShell\v1.0\;C:\WINDOWS\System32\OpenSSH\;C:\Program Files\Microsoft SQL Server\Client SDK\ODBC\110\Tools\Binn\;C:\Program Files (x86)\Microsoft SQL Server\120\Tools\Binn\;C:\Program Files\Microsoft SQL Server\120\Tools\Binn\;C:\Program Files\Microsoft SQL Server\120\DTS\Binn\;C:\Program Files (x86)\Microsoft SQL Server\120\Tools\Binn\ManagementStudio\;C:\Program Files (x86)\Microsoft SQL Server\120\DTS\Binn\;C:\Program Files\Java\jdk-17\bin;C:\tomcat\apache-tomcat-9.0.63\bin;C:\Program Files\dotnet\;C:\Program Files\Microsoft SQL Server\150\Tools\Binn\;C:\Program Files\Microsoft SQL Server\Client SDK\ODBC\170\Tools\Binn\;C:\Program Files\Microsoft SQL Server\130\Tools\Binn\;C:\WINDOWS\system32;C:\WINDOWS;C:\WINDOWS\System32\Wbem;C:\WINDOWS\System32\WindowsPowerShell\v1.0\;C:\WINDOWS\System32\OpenSSH\;C:\Program Files\MongoDB\Server\5.0\bin;C:\Program Files\Git\cmd;C:\xampp\php;C:\ProgramData\ComposerSetup\bin;C:\Users\Admin\AppData\Roaming\nvm;C:\Program Files\nodejs;C:\apache-maven-3.9.6\bin;C:\apache-maven-3.9.6\bin;C:\Program Files\Java\jdk-17\bin;C:\Program Files\Cloudflare\Cloudflare WARP\;D:\sqlite3;C:\Users\Admin\AppData\Local\Microsoft\WindowsApps;C:\Users\Admin\.dotnet\tools;C:\Users\Admin\AppData\Roaming\Composer\vendor\bin;C:\Users\Admin\AppData\Roaming\nvm;C:\Program Files\nodejs;C:\Users\Admin\AppData\Local\Programs\Microsoft VS Code\bin
USERNAME=Admin
OS=Windows_NT
PROCESSOR_IDENTIFIER=Intel64 Family 6 Model 141 Stepping 1, GenuineIntel



---------------  S Y S T E M  ---------------

OS:
 Windows 11 , 64 bit Build 22621 (10.0.22621.3235)
OS uptime: 0 days 0:39 hours
Hyper-V role detected

CPU: total 16 (initial active 16) (8 cores per cpu, 2 threads per core) family 6 model 141 stepping 1 microcode 0x32, cx8, cmov, fxsr, ht, mmx, 3dnowpref, sse, sse2, sse3, ssse3, sse4.1, sse4.2, popcnt, lzcnt, tsc, tscinvbit, avx, avx2, aes, erms, clmul, bmi1, bmi2, adx, avx512f, avx512dq, avx512cd, avx512bw, avx512vl, sha, fma, vzeroupper, avx512_vpopcntdq, avx512_vpclmulqdq, avx512_vaes, avx512_vnni, clflush, clflushopt, clwb, avx512_vbmi2, avx512_vbmi, hv

Memory: 4k page, system-wide physical 16085M (4729M free)
TotalPageFile size 18072M (AvailPageFile size 173M)
current process WorkingSet (physical memory assigned to process): 11M, peak: 11M
current process commit charge ("private bytes"): 71M, peak: 322M

vm_info: Java HotSpot(TM) 64-Bit Server VM (17.0.10+11-LTS-240) for windows-amd64 JRE (17.0.10+11-LTS-240), built on Dec 19 2023 21:47:25 by "mach5one" with MS VC++ 17.1 (VS2022)

END.
